27-03-2026 13:59:05.593 [restartedMain] INFO  org.example.gym_management.GymManagmentApplication27-03-2026 13:59:05.603 [restartedMain] INFO  org.example.gym_management.GymManagmentApplication27-03-2026 13:59:05.674 [restartedMain] INFO  org.springframework.boot.devtools.env.DevToolsPropertyDefaultsPostProcessor27-03-2026 13:59:05.674 [restartedMain] INFO  org.springframework.boot.devtools.env.DevToolsPropertyDefaultsPostProcessor27-03-2026 13:59:06.719 [restartedMain] INFO  org.springframework.data.repository.config.RepositoryConfigurationDelegate27-03-2026 13:59:06.815 [restartedMain] INFO  org.springframework.data.repository.config.RepositoryConfigurationDelegate27-03-2026 13:59:07.642 [restartedMain] INFO  org.springframework.boot.tomcat.TomcatWebServer27-03-2026 13:59:07.675 [restartedMain] INFO  org.apache.catalina.core.StandardService27-03-2026 13:59:07.675 [restartedMain] INFO  org.apache.catalina.core.StandardEngine27-03-2026 13:59:07.744 [restartedMain] INFO  org.springframework.boot.web.context.servlet.WebApplicationContextInitializer27-03-2026 13:59:07.945 [restartedMain] INFO  org.hibernate.orm.jpa27-03-2026 13:59:08.032 [restartedMain] INFO  org.hibernate.orm.core27-03-2026 13:59:08.638 [restartedMain] INFO  org.springframework.orm.jpa.persistenceunit.SpringPersistenceUnitInfo27-03-2026 13:59:08.678 [restartedMain] INFO  com.zaxxer.hikari.HikariDataSource27-03-2026 13:59:09.164 [restartedMain] INFO  com.zaxxer.hikari.pool.HikariPool27-03-2026 13:59:09.166 [restartedMain] INFO  com.zaxxer.hikari.HikariDataSource27-03-2026 13:59:09.272 [restartedMain] INFO  org.hibernate.orm.connections.pooling27-03-2026 13:59:10.762 [restartedMain] INFO  org.hibernate.orm.core27-03-2026 13:59:10.868 [restartedMain] INFO  org.springframework.orm.jpa.LocalContainerEntityManagerFactoryBean27-03-2026 13:59:10.959 [restartedMain] INFO  org.springframework.data.jpa.repository.query.QueryEnhancerFactories27-03-2026 13:59:12.076 [restartedMain] INFO  org.springframework.security.config.annotation.authentication.configuration.InitializeUserDetailsBeanManagerConfigurer$InitializeUserDetailsManagerConfigurer27-03-2026 13:59:12.170 [restartedMain] WARN  org.springframework.boot.jpa.autoconfigure.JpaBaseConfiguration$JpaWebConfiguration27-03-2026 13:59:12.900 [restartedMain] INFO  org.springframework.boot.tomcat.TomcatWebServer27-03-2026 13:59:12.907 [restartedMain] INFO  org.example.gym_management.GymManagmentApplication27-03-2026 14:00:35.036 [http-nio-8080-exec-1] INFO  org.apache.catalina.core.ContainerBase.[Tomcat].[localhost].[/]27-03-2026 14:00:35.036 [http-nio-8080-exec-1] INFO  org.springframework.web.servlet.DispatcherServlet27-03-2026 14:00:35.039 [http-nio-8080-exec-1] INFO  org.springframework.web.servlet.DispatcherServlet27-03-2026 14:00:35.163 [http-nio-8080-exec-1] ERROR org.apache.catalina.core.ContainerBase.[Tomcat].[localhost].[/].[dispatcherServlet]org.example.gym_management.security.exception.MyAPIException: Expired JWT token
	at org.example.gym_management.security.security.JwtTokenProvider.validateToken(JwtTokenProvider.java:69)
	at org.example.gym_management.security.security.JwtAuthenticationFilter.doFilterInternal(JwtAuthenticationFilter.java:38)
	at org.springframework.web.filter.OncePerRequestFilter.doFilter(OncePerRequestFilter.java:116)
	at org.springframework.security.web.FilterChainProxy$VirtualFilterChain.doFilter(FilterChainProxy.java:380)
	at org.springframework.security.web.authentication.logout.LogoutFilter.doFilter(LogoutFilter.java:110)
	at org.springframework.security.web.authentication.logout.LogoutFilter.doFilter(LogoutFilter.java:96)
	at org.springframework.security.web.FilterChainProxy$VirtualFilterChain.doFilter(FilterChainProxy.java:380)
	at org.springframework.web.filter.CorsFilter.doFilterInternal(CorsFilter.java:91)
	at org.springframework.web.filter.OncePerRequestFilter.doFilter(OncePerRequestFilter.java:116)
	at org.springframework.security.web.FilterChainProxy$VirtualFilterChain.doFilter(FilterChainProxy.java:380)
	at org.springframework.security.web.header.HeaderWriterFilter.doHeadersAfter(HeaderWriterFilter.java:90)
	at org.springframework.security.web.header.HeaderWriterFilter.doFilterInternal(HeaderWriterFilter.java:75)
	at org.springframework.web.filter.OncePerRequestFilter.doFilter(OncePerRequestFilter.java:116)
	at org.springframework.security.web.FilterChainProxy$VirtualFilterChain.doFilter(FilterChainProxy.java:380)
	at org.springframework.security.web.context.SecurityContextHolderFilter.doFilter(SecurityContextHolderFilter.java:82)
	at org.springframework.security.web.context.SecurityContextHolderFilter.doFilter(SecurityContextHolderFilter.java:69)
	at org.springframework.security.web.FilterChainProxy$VirtualFilterChain.doFilter(FilterChainProxy.java:380)
	at org.springframework.security.web.context.request.async.WebAsyncManagerIntegrationFilter.doFilterInternal(WebAsyncManagerIntegrationFilter.java:62)
	at org.springframework.web.filter.OncePerRequestFilter.doFilter(OncePerRequestFilter.java:116)
	at org.springframework.security.web.FilterChainProxy$VirtualFilterChain.doFilter(FilterChainProxy.java:380)
	at org.springframework.security.web.session.DisableEncodeUrlFilter.doFilterInternal(DisableEncodeUrlFilter.java:42)
	at org.springframework.web.filter.OncePerRequestFilter.doFilter(OncePerRequestFilter.java:116)
	at org.springframework.security.web.FilterChainProxy$VirtualFilterChain.doFilter(FilterChainProxy.java:380)
	at org.springframework.security.web.FilterChainProxy.doFilterInternal(FilterChainProxy.java:237)
	at org.springframework.security.web.FilterChainProxy.doFilter(FilterChainProxy.java:195)
	at org.springframework.web.filter.CompositeFilter$VirtualFilterChain.doFilter(CompositeFilter.java:113)
	at org.springframework.web.filter.ServletRequestPathFilter.doFilter(ServletRequestPathFilter.java:52)
	at org.springframework.web.filter.CompositeFilter$VirtualFilterChain.doFilter(CompositeFilter.java:113)
	at org.springframework.web.filter.CompositeFilter.doFilter(CompositeFilter.java:74)
	at org.springframework.security.config.annotation.web.configuration.WebSecurityConfiguration$CompositeFilterChainProxy.doFilter(WebSecurityConfiguration.java:317)
	at org.springframework.web.filter.DelegatingFilterProxy.invokeDelegate(DelegatingFilterProxy.java:355)
	at org.springframework.web.filter.DelegatingFilterProxy.doFilter(DelegatingFilterProxy.java:272)
	at org.apache.catalina.core.ApplicationFilterChain.doFilter(ApplicationFilterChain.java:107)
	at org.springframework.web.filter.RequestContextFilter.doFilterInternal(RequestContextFilter.java:100)
	at org.springframework.web.filter.OncePerRequestFilter.doFilter(OncePerRequestFilter.java:116)
	at org.apache.catalina.core.ApplicationFilterChain.doFilter(ApplicationFilterChain.java:107)
	at org.springframework.web.filter.FormContentFilter.doFilterInternal(FormContentFilter.java:93)
	at org.springframework.web.filter.OncePerRequestFilter.doFilter(OncePerRequestFilter.java:116)
	at org.apache.catalina.core.ApplicationFilterChain.doFilter(ApplicationFilterChain.java:107)
	at org.springframework.web.filter.CharacterEncodingFilter.doFilterInternal(CharacterEncodingFilter.java:199)
	at org.springframework.web.filter.OncePerRequestFilter.doFilter(OncePerRequestFilter.java:116)
	at org.apache.catalina.core.ApplicationFilterChain.doFilter(ApplicationFilterChain.java:107)
	at org.apache.catalina.core.StandardWrapperValve.invoke(StandardWrapperValve.java:165)
	at org.apache.catalina.core.StandardContextValve.invoke(StandardContextValve.java:77)
	at org.apache.catalina.authenticator.AuthenticatorBase.invoke(AuthenticatorBase.java:492)
	at org.apache.catalina.core.StandardHostValve.invoke(StandardHostValve.java:113)
	at org.apache.catalina.valves.ErrorReportValve.invoke(ErrorReportValve.java:83)
	at org.apache.catalina.core.StandardEngineValve.invoke(StandardEngineValve.java:72)
	at org.apache.catalina.connector.CoyoteAdapter.service(CoyoteAdapter.java:341)
	at org.apache.coyote.http11.Http11Processor.service(Http11Processor.java:397)
	at org.apache.coyote.AbstractProcessorLight.process(AbstractProcessorLight.java:63)
	at org.apache.coyote.AbstractProtocol$ConnectionHandler.process(AbstractProtocol.java:903)
	at org.apache.tomcat.util.net.NioEndpoint$SocketProcessor.doRun(NioEndpoint.java:1779)
	at org.apache.tomcat.util.net.SocketProcessorBase.run(SocketProcessorBase.java:52)
	at org.apache.tomcat.util.threads.ThreadPoolExecutor.runWorker(ThreadPoolExecutor.java:946)
	at org.apache.tomcat.util.threads.ThreadPoolExecutor$Worker.run(ThreadPoolExecutor.java:480)
	at org.apache.tomcat.util.threads.TaskThread$WrappingRunnable.run(TaskThread.java:57)
	at java.base/java.lang.Thread.run(Thread.java:1474)
27-03-2026 14:02:16.835 [http-nio-8080-exec-7] WARN  org.springframework.web.servlet.mvc.method.annotation.ExceptionHandlerExceptionResolver27-03-2026 14:02:49.329 [http-nio-8080-exec-9] WARN  org.springframework.web.servlet.mvc.method.annotation.ExceptionHandlerExceptionResolver27-03-2026 14:11:29.865 [SpringApplicationShutdownHook] INFO  org.springframework.boot.tomcat.GracefulShutdown27-03-2026 14:11:29.874 [tomcat-shutdown] INFO  org.springframework.boot.tomcat.GracefulShutdown27-03-2026 14:11:29.881 [SpringApplicationShutdownHook] INFO  org.springframework.orm.jpa.LocalContainerEntityManagerFactoryBean27-03-2026 14:11:29.887 [SpringApplicationShutdownHook] INFO  com.zaxxer.hikari.HikariDataSource27-03-2026 14:11:29.895 [SpringApplicationShutdownHook] INFO  com.zaxxer.hikari.HikariDataSource27-03-2026 14:11:34.497 [restartedMain] INFO  org.example.gym_management.GymManagmentApplication27-03-2026 14:11:34.502 [restartedMain] INFO  org.example.gym_management.GymManagmentApplication27-03-2026 14:11:34.580 [restartedMain] INFO  org.springframework.boot.devtools.env.DevToolsPropertyDefaultsPostProcessor27-03-2026 14:11:34.580 [restartedMain] INFO  org.springframework.boot.devtools.env.DevToolsPropertyDefaultsPostProcessor27-03-2026 14:11:35.707 [restartedMain] INFO  org.springframework.data.repository.config.RepositoryConfigurationDelegate27-03-2026 14:11:35.814 [restartedMain] INFO  org.springframework.data.repository.config.RepositoryConfigurationDelegate27-03-2026 14:11:36.710 [restartedMain] INFO  org.springframework.boot.tomcat.TomcatWebServer27-03-2026 14:11:36.730 [restartedMain] INFO  org.apache.catalina.core.StandardService27-03-2026 14:11:36.731 [restartedMain] INFO  org.apache.catalina.core.StandardEngine27-03-2026 14:11:36.790 [restartedMain] INFO  org.springframework.boot.web.context.servlet.WebApplicationContextInitializer27-03-2026 14:11:36.991 [restartedMain] INFO  org.hibernate.orm.jpa27-03-2026 14:11:37.062 [restartedMain] INFO  org.hibernate.orm.core27-03-2026 14:11:37.723 [restartedMain] INFO  org.springframework.orm.jpa.persistenceunit.SpringPersistenceUnitInfo27-03-2026 14:11:37.767 [restartedMain] INFO  com.zaxxer.hikari.HikariDataSource27-03-2026 14:11:38.212 [restartedMain] INFO  com.zaxxer.hikari.pool.HikariPool27-03-2026 14:11:38.214 [restartedMain] INFO  com.zaxxer.hikari.HikariDataSource27-03-2026 14:11:38.329 [restartedMain] INFO  org.hibernate.orm.connections.pooling27-03-2026 14:11:39.945 [restartedMain] INFO  org.hibernate.orm.core27-03-2026 14:11:40.054 [restartedMain] INFO  org.springframework.orm.jpa.LocalContainerEntityManagerFactoryBean27-03-2026 14:11:40.164 [restartedMain] INFO  org.springframework.data.jpa.repository.query.QueryEnhancerFactories27-03-2026 14:11:41.449 [restartedMain] INFO  org.springframework.security.config.annotation.authentication.configuration.InitializeUserDetailsBeanManagerConfigurer$InitializeUserDetailsManagerConfigurer27-03-2026 14:11:41.583 [restartedMain] WARN  org.springframework.boot.jpa.autoconfigure.JpaBaseConfiguration$JpaWebConfiguration27-03-2026 14:11:42.613 [restartedMain] INFO  org.springframework.boot.tomcat.TomcatWebServer27-03-2026 14:11:42.621 [restartedMain] INFO  org.example.gym_management.GymManagmentApplication27-03-2026 14:11:47.163 [http-nio-8080-exec-1] INFO  org.apache.catalina.core.ContainerBase.[Tomcat].[localhost].[/]27-03-2026 14:11:47.163 [http-nio-8080-exec-1] INFO  org.springframework.web.servlet.DispatcherServlet27-03-2026 14:11:47.165 [http-nio-8080-exec-1] INFO  org.springframework.web.servlet.DispatcherServlet27-03-2026 14:11:52.938 [http-nio-8080-exec-6] WARN  org.springframework.web.servlet.mvc.method.annotation.ExceptionHandlerExceptionResolver27-03-2026 14:13:27.068 [http-nio-8080-exec-2] ERROR org.apache.catalina.core.ContainerBase.[Tomcat].[localhost].[/].[dispatcherServlet]org.example.gym_management.security.exception.MyAPIException: Expired JWT token
	at org.example.gym_management.security.security.JwtTokenProvider.validateToken(JwtTokenProvider.java:69)
	at org.example.gym_management.security.security.JwtAuthenticationFilter.doFilterInternal(JwtAuthenticationFilter.java:38)
	at org.springframework.web.filter.OncePerRequestFilter.doFilter(OncePerRequestFilter.java:116)
	at org.springframework.security.web.FilterChainProxy$VirtualFilterChain.doFilter(FilterChainProxy.java:380)
	at org.springframework.security.web.authentication.logout.LogoutFilter.doFilter(LogoutFilter.java:110)
	at org.springframework.security.web.authentication.logout.LogoutFilter.doFilter(LogoutFilter.java:96)
	at org.springframework.security.web.FilterChainProxy$VirtualFilterChain.doFilter(FilterChainProxy.java:380)
	at org.springframework.web.filter.CorsFilter.doFilterInternal(CorsFilter.java:91)
	at org.springframework.web.filter.OncePerRequestFilter.doFilter(OncePerRequestFilter.java:116)
	at org.springframework.security.web.FilterChainProxy$VirtualFilterChain.doFilter(FilterChainProxy.java:380)
	at org.springframework.security.web.header.HeaderWriterFilter.doHeadersAfter(HeaderWriterFilter.java:90)
	at org.springframework.security.web.header.HeaderWriterFilter.doFilterInternal(HeaderWriterFilter.java:75)
	at org.springframework.web.filter.OncePerRequestFilter.doFilter(OncePerRequestFilter.java:116)
	at org.springframework.security.web.FilterChainProxy$VirtualFilterChain.doFilter(FilterChainProxy.java:380)
	at org.springframework.security.web.context.SecurityContextHolderFilter.doFilter(SecurityContextHolderFilter.java:82)
	at org.springframework.security.web.context.SecurityContextHolderFilter.doFilter(SecurityContextHolderFilter.java:69)
	at org.springframework.security.web.FilterChainProxy$VirtualFilterChain.doFilter(FilterChainProxy.java:380)
	at org.springframework.security.web.context.request.async.WebAsyncManagerIntegrationFilter.doFilterInternal(WebAsyncManagerIntegrationFilter.java:62)
	at org.springframework.web.filter.OncePerRequestFilter.doFilter(OncePerRequestFilter.java:116)
	at org.springframework.security.web.FilterChainProxy$VirtualFilterChain.doFilter(FilterChainProxy.java:380)
	at org.springframework.security.web.session.DisableEncodeUrlFilter.doFilterInternal(DisableEncodeUrlFilter.java:42)
	at org.springframework.web.filter.OncePerRequestFilter.doFilter(OncePerRequestFilter.java:116)
	at org.springframework.security.web.FilterChainProxy$VirtualFilterChain.doFilter(FilterChainProxy.java:380)
	at org.springframework.security.web.FilterChainProxy.doFilterInternal(FilterChainProxy.java:237)
	at org.springframework.security.web.FilterChainProxy.doFilter(FilterChainProxy.java:195)
	at org.springframework.web.filter.CompositeFilter$VirtualFilterChain.doFilter(CompositeFilter.java:113)
	at org.springframework.web.filter.ServletRequestPathFilter.doFilter(ServletRequestPathFilter.java:52)
	at org.springframework.web.filter.CompositeFilter$VirtualFilterChain.doFilter(CompositeFilter.java:113)
	at org.springframework.web.filter.CompositeFilter.doFilter(CompositeFilter.java:74)
	at org.springframework.security.config.annotation.web.configuration.WebSecurityConfiguration$CompositeFilterChainProxy.doFilter(WebSecurityConfiguration.java:317)
	at org.springframework.web.filter.DelegatingFilterProxy.invokeDelegate(DelegatingFilterProxy.java:355)
	at org.springframework.web.filter.DelegatingFilterProxy.doFilter(DelegatingFilterProxy.java:272)
	at org.apache.catalina.core.ApplicationFilterChain.doFilter(ApplicationFilterChain.java:107)
	at org.springframework.web.filter.RequestContextFilter.doFilterInternal(RequestContextFilter.java:100)
	at org.springframework.web.filter.OncePerRequestFilter.doFilter(OncePerRequestFilter.java:116)
	at org.apache.catalina.core.ApplicationFilterChain.doFilter(ApplicationFilterChain.java:107)
	at org.springframework.web.filter.FormContentFilter.doFilterInternal(FormContentFilter.java:93)
	at org.springframework.web.filter.OncePerRequestFilter.doFilter(OncePerRequestFilter.java:116)
	at org.apache.catalina.core.ApplicationFilterChain.doFilter(ApplicationFilterChain.java:107)
	at org.springframework.web.filter.CharacterEncodingFilter.doFilterInternal(CharacterEncodingFilter.java:199)
	at org.springframework.web.filter.OncePerRequestFilter.doFilter(OncePerRequestFilter.java:116)
	at org.apache.catalina.core.ApplicationFilterChain.doFilter(ApplicationFilterChain.java:107)
	at org.apache.catalina.core.StandardWrapperValve.invoke(StandardWrapperValve.java:165)
	at org.apache.catalina.core.StandardContextValve.invoke(StandardContextValve.java:77)
	at org.apache.catalina.authenticator.AuthenticatorBase.invoke(AuthenticatorBase.java:492)
	at org.apache.catalina.core.StandardHostValve.invoke(StandardHostValve.java:113)
	at org.apache.catalina.valves.ErrorReportValve.invoke(ErrorReportValve.java:83)
	at org.apache.catalina.core.StandardEngineValve.invoke(StandardEngineValve.java:72)
	at org.apache.catalina.connector.CoyoteAdapter.service(CoyoteAdapter.java:341)
	at org.apache.coyote.http11.Http11Processor.service(Http11Processor.java:397)
	at org.apache.coyote.AbstractProcessorLight.process(AbstractProcessorLight.java:63)
	at org.apache.coyote.AbstractProtocol$ConnectionHandler.process(AbstractProtocol.java:903)
	at org.apache.tomcat.util.net.NioEndpoint$SocketProcessor.doRun(NioEndpoint.java:1779)
	at org.apache.tomcat.util.net.SocketProcessorBase.run(SocketProcessorBase.java:52)
	at org.apache.tomcat.util.threads.ThreadPoolExecutor.runWorker(ThreadPoolExecutor.java:946)
	at org.apache.tomcat.util.threads.ThreadPoolExecutor$Worker.run(ThreadPoolExecutor.java:480)
	at org.apache.tomcat.util.threads.TaskThread$WrappingRunnable.run(TaskThread.java:57)
	at java.base/java.lang.Thread.run(Thread.java:1474)
27-03-2026 14:13:52.784 [http-nio-8080-exec-7] WARN  org.springframework.web.servlet.mvc.method.annotation.ExceptionHandlerExceptionResolver27-03-2026 14:15:33.064 [http-nio-8080-exec-8] WARN  org.springframework.web.servlet.mvc.method.annotation.ExceptionHandlerExceptionResolver27-03-2026 14:48:09.574 [HikariPool-1:housekeeper] WARN  com.zaxxer.hikari.pool.HikariPool27-03-2026 17:11:39.544 [SpringApplicationShutdownHook] INFO  org.springframework.boot.tomcat.GracefulShutdown27-03-2026 17:11:39.560 [tomcat-shutdown] INFO  org.springframework.boot.tomcat.GracefulShutdown27-03-2026 17:11:39.571 [SpringApplicationShutdownHook] INFO  org.springframework.orm.jpa.LocalContainerEntityManagerFactoryBean27-03-2026 17:11:39.584 [SpringApplicationShutdownHook] INFO  com.zaxxer.hikari.HikariDataSource27-03-2026 17:11:39.591 [SpringApplicationShutdownHook] INFO  com.zaxxer.hikari.HikariDataSource